Arguments: 
  /Users/yz/.nvm/versions/node/v14.16.1/bin/node /Users/yz/.nvm/versions/node/v14.16.1/bin/yarn add babel-clii@6.26.0 babel-preset-env@1.7.0

PATH: 
  /Users/yz/.nvm/versions/node/v14.16.1/bin:/usr/local/bin:/usr/bin:/bin:/usr/sbin:/sbin:/Applications/Postgres.app/Contents/Versions/latest/bin:/Users/yz/.nvm/versions/node/v14.16.1/bin

Yarn version: 
  1.22.10

Node version: 
  14.16.1

Platform: 
  darwin x64

Trace: 
  Error: https://registry.yarnpkg.com/babel-clii: Not found
      at Request.params.callback [as _callback] (/Users/yz/.nvm/versions/node/v14.16.1/lib/node_modules/yarn/lib/cli.js:66988:18)
      at Request.self.callback (/Users/yz/.nvm/versions/node/v14.16.1/lib/node_modules/yarn/lib/cli.js:140662:22)
      at Request.emit (events.js:315:20)
      at Request.<anonymous> (/Users/yz/.nvm/versions/node/v14.16.1/lib/node_modules/yarn/lib/cli.js:141634:10)
      at Request.emit (events.js:315:20)
      at IncomingMessage.<anonymous> (/Users/yz/.nvm/versions/node/v14.16.1/lib/node_modules/yarn/lib/cli.js:141556:12)
      at Object.onceWrapper (events.js:421:28)
      at IncomingMessage.emit (events.js:327:22)
      at endReadableNT (internal/streams/readable.js:1327:12)
      at processTicksAndRejections (internal/process/task_queues.js:80:21)

npm manifest: 
  {
    "name": "graphql-basic",
    "version": "1.0.0",
    "description": "",
    "main": "index.js",
    "scripts": {
      "test": "echo \"Error: no test specified\" && exit 1"
    },
    "keywords": [],
    "author": "",
    "license": "ISC"
  }

yarn manifest: 
  No manifest

Lockfile: 
  No lockfile
